0 verbose cli /usr/local/bin/node /usr/local/bin/npm
1 info using npm@10.8.2
2 info using node@v18.20.8
3 silly config load:file:/usr/local/lib/node_modules/npm/npmrc
4 silly config load:file:/root/.npmrc
5 silly config load:file:/usr/local/etc/npmrc
6 verbose title npm run start
7 verbose argv "run" "start"
8 verbose logfile logs-max:10 dir:/root/.npm/_logs/2025-07-30T16_06_05_144Z-
9 verbose logfile /root/.npm/_logs/2025-07-30T16_06_05_144Z-debug-0.log
10 silly logfile done cleaning log files
11 http fetch GET 200 https://registry.npmjs.org/npm 1050ms
12 verbose cwd /root/src
13 verbose os Linux 6.6.87.1-microsoft-standard-WSL2
14 verbose node v18.20.8
15 verbose npm  v10.8.2
16 notice
16 notice New [31mmajor[39m version of npm available! [31m10.8.2[39m -> [34m11.5.1[39m
16 notice Changelog: [34mhttps://github.com/npm/cli/releases/tag/v11.5.1[39m
16 notice To update run: [4mnpm install -g npm@11.5.1[24m
16 notice  { force: true, [Symbol(proc-log.meta)]: true }
17 verbose exit 143
18 verbose code 143
